<?xml version="1.0" encoding="UTF-8"?>
<testsuite name="Cucumber" time="145.658" tests="13" skipped="0" failures="4" errors="0">
<testcase classname="F01_Register | users could register with new accounts" name="guest user could register with valid data successfully" time="20.656">
<failure type="org.openqa.selenium.NoSuchElementException" message="no such element: Unable to locate element: {&quot;method&quot;:&quot;css selector&quot;,&quot;selector&quot;:&quot;div.master-wrapper-page:nth-child(7) div.master-wrapper-content div.master-column-wrapper div.center-1 div.page.registration-result-page div.page-body &gt; div.result&quot;}
  (Session info: MicrosoftEdge=113.0.1774.42)
For documentation on this error, please visit: https://selenium.dev/exceptions/#no_such_element
Build info: version: '4.8.3', revision: 'e5e76298c3'
System info: os.name: 'Windows 10', os.arch: 'amd64', os.version: '10.0', java.version: '19.0.2'
Driver info: org.openqa.selenium.edge.EdgeDriver
Command: [d5fc8e5921dc918c0cddab2ebfe3dcc7, findElement {using=css selector, value=div.master-wrapper-page:nth-child(7) div.master-wrapper-content div.master-column-wrapper div.center-1 div.page.registration-result-page div.page-body &gt; div.result}]
Capabilities {acceptInsecureCerts: false, browserName: msedge, browserVersion: 113.0.1774.42, ms:edgeOptions: {debuggerAddress: localhost:55797}, msedge: {msedgedriverVersion: 113.0.1774.42 (881f34180765..., userDataDir: C:\Users\20103\AppData\Loca...}, networkConnectionEnabled: false, pageLoadStrategy: normal, platformName: WINDOWS, proxy: Proxy(), se:cdp: ws://localhost:55797/devtoo..., se:cdpVersion: 113.0.1774.42, setWindowRect: true, strictFileInteractability: false, timeouts: {implicit: 0, pageLoad: 300000, script: 30000}, unhandledPromptBehavior: dismiss and notify, webauthn:extension:credBlob: true, webauthn:extension:largeBlob: true, webauthn:extension:minPinLength: true, webauthn:extension:prf: true, webauthn:virtualAuthenticators: true}
Session ID: d5fc8e5921dc918c0cddab2ebfe3dcc7">
<![CDATA[org.openqa.selenium.NoSuchElementException: no such element: Unable to locate element: {"method":"css selector","selector":"div.master-wrapper-page:nth-child(7) div.master-wrapper-content div.master-column-wrapper div.center-1 div.page.registration-result-page div.page-body > div.result"}
  (Session info: MicrosoftEdge=113.0.1774.42)
For documentation on this error, please visit: https://selenium.dev/exceptions/#no_such_element
Build info: version: '4.8.3', revision: 'e5e76298c3'
System info: os.name: 'Windows 10', os.arch: 'amd64', os.version: '10.0', java.version: '19.0.2'
Driver info: org.openqa.selenium.edge.EdgeDriver
Command: [d5fc8e5921dc918c0cddab2ebfe3dcc7, findElement {using=css selector, value=div.master-wrapper-page:nth-child(7) div.master-wrapper-content div.master-column-wrapper div.center-1 div.page.registration-result-page div.page-body > div.result}]
Capabilities {acceptInsecureCerts: false, browserName: msedge, browserVersion: 113.0.1774.42, ms:edgeOptions: {debuggerAddress: localhost:55797}, msedge: {msedgedriverVersion: 113.0.1774.42 (881f34180765..., userDataDir: C:\Users\20103\AppData\Loca...}, networkConnectionEnabled: false, pageLoadStrategy: normal, platformName: WINDOWS, proxy: Proxy(), se:cdp: ws://localhost:55797/devtoo..., se:cdpVersion: 113.0.1774.42, setWindowRect: true, strictFileInteractability: false, timeouts: {implicit: 0, pageLoad: 300000, script: 30000}, unhandledPromptBehavior: dismiss and notify, webauthn:extension:credBlob: true, webauthn:extension:largeBlob: true, webauthn:extension:minPinLength: true, webauthn:extension:prf: true, webauthn:virtualAuthenticators: true}
Session ID: d5fc8e5921dc918c0cddab2ebfe3dcc7
	at java.base/jdk.internal.reflect.DirectConstructorHandleAccessor.newInstance(DirectConstructorHandleAccessor.java:67)
	at java.base/java.lang.reflect.Constructor.newInstanceWithCaller(Constructor.java:500)
	at java.base/java.lang.reflect.Constructor.newInstance(Constructor.java:484)
	at org.openqa.selenium.remote.codec.w3c.W3CHttpResponseCodec.createException(W3CHttpResponseCodec.java:200)
	at org.openqa.selenium.remote.codec.w3c.W3CHttpResponseCodec.decode(W3CHttpResponseCodec.java:133)
	at org.openqa.selenium.remote.codec.w3c.W3CHttpResponseCodec.decode(W3CHttpResponseCodec.java:53)
	at org.openqa.selenium.remote.HttpCommandExecutor.execute(HttpCommandExecutor.java:193)
	at org.openqa.selenium.remote.service.DriverCommandExecutor.invokeExecute(DriverCommandExecutor.java:183)
	at org.openqa.selenium.remote.service.DriverCommandExecutor.execute(DriverCommandExecutor.java:158)
	at org.openqa.selenium.remote.RemoteWebDriver.execute(RemoteWebDriver.java:543)
	at org.openqa.selenium.remote.ElementLocation$ElementFinder$2.findElement(ElementLocation.java:162)
	at org.openqa.selenium.remote.ElementLocation.findElement(ElementLocation.java:60)
	at org.openqa.selenium.remote.RemoteWebDriver.findElement(RemoteWebDriver.java:352)
	at org.openqa.selenium.remote.RemoteWebDriver.findElement(RemoteWebDriver.java:344)
	at org.example.pages.P01_register.displaymessage(P01_register.java:59)
	at org.example.stepDefs.D01_registerStepDef.message(D01_registerStepDef.java:82)
	at ✽.success message is displayed with color(file:///C:/Users/20103/IdeaProjects/demonopcommerce/src/main/resources/F01_Register.feature:15)
]]>
</failure>
<system-out><![CDATA[
Given user go to register page..............................................passed
When user select gender type................................................passed
And user enter firstname "automation".......................................passed
And user enter lastname "tester"............................................passed
And user enter date of birth day............................................passed
And user enter date of birth month..........................................passed
And user enter date of birth year...........................................passed
When user enter email "test@examble.com" field..............................passed
And user fills password fileds "P@ssw0rd"...................................passed
And user fills confirm password fileds "P@ssw0rd"...........................passed
And user click on register button...........................................passed
Then success message is displayed with color................................failed
]]></system-out>
</testcase>
<testcase classname="users could use login functionality to use their accounts" name="user could login with valid email and password" time="9.653">
<system-out><![CDATA[
Given user go to login page.................................................passed
When user enter valid email.................................................passed
And user enter valid password...............................................passed
And user press on login button..............................................passed
And user open my account....................................................passed
Then user login to the system successfully and display my account...........passed
]]></system-out>
</testcase>
<testcase classname="users could use login functionality to use their accounts" name="user could login with invalid email and password" time="8.014">
<system-out><![CDATA[
Given user go to login page again...........................................passed
When user enter invalid email...............................................passed
And user enter valid password again.........................................passed
And user click on login button..............................................passed
Then user could not login to the system.....................................passed
]]></system-out>
</testcase>
<testcase classname="Euro currencies functionality" name="user select Euro currencies" time="9.332">
<system-out><![CDATA[
Given user select Euro......................................................passed
Then chick Euro is display in products......................................passed
]]></system-out>
</testcase>
<testcase classname="hovering on one of main categories" name="functionality hover on main category" time="10.843">
<system-out><![CDATA[
When user hover on one of main category.....................................passed
And user select one of sub_categories.......................................passed
Then user check on the title of opening sub_category........................passed
]]></system-out>
</testcase>
<testcase classname="F06_Homeslider" name="first slider is clickable on home page" time="7.809">
<failure type="java.lang.AssertionError" message="expected [true] but found [false]">
<![CDATA[java.lang.AssertionError: expected [true] but found [false]
	at org.testng.Assert.fail(Assert.java:110)
	at org.testng.Assert.failNotEquals(Assert.java:1577)
	at org.testng.Assert.assertTrue(Assert.java:56)
	at org.testng.Assert.assertTrue(Assert.java:66)
	at org.example.stepDefs.D06_homeSlidersStepDef.the_webpage_reload_to_the_home_page(D06_homeSlidersStepDef.java:27)
	at ✽.the webpage reload to the home page(file:///C:/Users/20103/IdeaProjects/demonopcommerce/src/main/resources/F06_homeSliders.feature:5)
]]>
</failure>
<system-out><![CDATA[
When user click on the first slider.........................................passed
Then the webpage reload to the home page....................................failed
]]></system-out>
</testcase>
<testcase classname="F06_Homeslider" name="second slider is clickable on home page" time="9.22">
<failure type="java.lang.AssertionError" message="expected [true] but found [false]">
<![CDATA[java.lang.AssertionError: expected [true] but found [false]
	at org.testng.Assert.fail(Assert.java:110)
	at org.testng.Assert.failNotEquals(Assert.java:1577)
	at org.testng.Assert.assertTrue(Assert.java:56)
	at org.testng.Assert.assertTrue(Assert.java:66)
	at org.example.stepDefs.D06_homeSlidersStepDef.the_webpage_reload_to_the_same_home_page(D06_homeSlidersStepDef.java:44)
	at ✽.the webpage reload to the same home page(file:///C:/Users/20103/IdeaProjects/demonopcommerce/src/main/resources/F06_homeSliders.feature:8)
]]>
</failure>
<system-out><![CDATA[
When user click on the second slider........................................passed
Then the webpage reload to the same home page...............................failed
]]></system-out>
</testcase>
<testcase classname="F07_followUs | users could open followUs links" name="user opens facebook link" time="10.106">
<system-out><![CDATA[
When user click on facebook link............................................passed
Then the driver navigate to facebook page...................................passed
]]></system-out>
</testcase>
<testcase classname="F07_followUs | users could open followUs links" name="user opens twitter link" time="12.517">
<system-out><![CDATA[
When user click on twitter link.............................................passed
Then the driver navigate to twitter page....................................passed
]]></system-out>
</testcase>
<testcase classname="F07_followUs | users could open followUs links" name="user opens rss link" time="11.718">
<failure type="java.lang.AssertionError" message="expected [true] but found [false]">
<![CDATA[java.lang.AssertionError: expected [true] but found [false]
	at org.testng.Assert.fail(Assert.java:110)
	at org.testng.Assert.failNotEquals(Assert.java:1577)
	at org.testng.Assert.assertTrue(Assert.java:56)
	at org.testng.Assert.assertTrue(Assert.java:66)
	at org.example.stepDefs.D07_followUsStepDef.the_driver_navigate_to_rss_page(D07_followUsStepDef.java:64)
	at ✽.the driver navigate to rss page(file:///C:/Users/20103/IdeaProjects/demonopcommerce/src/main/resources/F07_followUs.feature:11)
]]>
</failure>
<system-out><![CDATA[
When user click on rss link.................................................passed
Then the driver navigate to rss page........................................failed
]]></system-out>
</testcase>
<testcase classname="F07_followUs | users could open followUs links" name="user opens youtube link" time="14.447">
<system-out><![CDATA[
When user click on youtube link.............................................passed
Then the driver navigate to youtube page....................................passed
]]></system-out>
</testcase>
<testcase classname="wishlist feature" name="user click on the heart and then success message is displayed with green color" time="8.006">
<system-out><![CDATA[
When user click on the heart emoji..........................................passed
Then success message is displayed with green color..........................passed
]]></system-out>
</testcase>
<testcase classname="wishlist feature" name="user click on the tap of wishlist after success message disapear" time="12.996">
<system-out><![CDATA[
When user click on the heart emoji..........................................passed
And user click on the wishlist until success message invisible..............passed
Then chick the Qty in wishlistis greater than 0.............................passed
]]></system-out>
</testcase>
</testsuite>
